<?xml version="1.0" encoding="UTF-8"?>
<!-- Generated by org.testng.reporters.JUnitReportReporter -->
<testsuite hostname="SRIDEVI-NARVA" failures="0" tests="1" name="testCases.LoginTests" time="8.447" errors="0" timestamp="2025-03-01T01:46:07 EST" skipped="0">
  <testcase classname="testCases.LoginTests" name="testValidLogin" time="8.447"/>
</testsuite> <!-- testCases.LoginTests -->
